2022-05-14,Benchmark,9241
2022-05-14,CloseAccount,5769
2022-05-14,CreateAccount,19494
2022-05-14,CreateAccount,21352
2022-05-14,CreateAccount,25852
2022-05-14,CreateStubOracle,22494
2022-05-14,CreateStubOracle,5678
2022-05-14,CreateStubOracle,59755
2022-05-14,Deposit,29285
2022-05-14,InitializeAccount,17994
2022-05-14,InitializeAccount,19494
2022-05-14,InitializeAccount,30826
2022-05-14,InitializeAccount,36676
2022-05-14,InitializeAccount,46958
2022-05-14,InitializeAccount,48894
2022-05-14,InitializeAccount,55255
2022-05-14,InitializeAccount,55278
2022-05-14,InitializeAccount,56755
2022-05-14,InitializeAccount,58264
2022-05-14,InitializeAccount,71755
2022-05-14,LiqTokenWithToken,58724
2022-05-14,LiqTokenWithToken,58828
2022-05-14,LiqTokenWithToken,60653
2022-05-14,LiqTokenWithToken,62409
2022-05-14,PerpConsumeEvents,7034
2022-05-14,PerpCreateMarket,23165
2022-05-14,PerpPlaceOrder,20198
2022-05-14,PerpPlaceOrder,22930
2022-05-14,RegisterToken,55255
2022-05-14,RegisterToken,56755
2022-05-14,RegisterToken,58264
2022-05-14,Serum3CancelOrder,24178
2022-05-14,Serum3CreateOpenOrders,26193
2022-05-14,Serum3CreateOpenOrders,26313
2022-05-14,Serum3CreateOpenOrders,26378
2022-05-14,Serum3CreateOpenOrders,27790
2022-05-14,Serum3CreateOpenOrders,27795
2022-05-14,Serum3CreateOpenOrders,27801
2022-05-14,Serum3CreateOpenOrders,29307
2022-05-14,Serum3CreateOpenOrders,29320
2022-05-14,Serum3LiqForceCancelOrders,32615
2022-05-14,Serum3RegisterMarket,24456
2022-05-14,Serum3RegisterMarket,25956
2022-05-14,Transfer,16852
2022-05-14,Transfer,18352
2022-05-14,Transfer,27657
2022-05-14,Transfer,27695
2022-05-14,Transfer,29823
2022-05-14,Transfer,31259
2022-05-14,Transfer,31338
2022-05-14,Transfer,31481
2022-05-14,Transfer,31746
2022-05-14,Transfer,32594
2022-05-14,Transfer,32808
2022-05-14,Transfer,33134
2022-05-14,Transfer,33319
2022-05-14,Transfer,33460
2022-05-14,Transfer,34102
2022-05-14,Transfer,34625
2022-05-14,Transfer,34640
2022-05-14,Transfer,34734
2022-05-14,Transfer,34951
2022-05-14,Transfer,35255
2022-05-14,Transfer,35389
2022-05-14,Transfer,36289
2022-05-14,Transfer,36732
2022-05-14,Transfer,37193
2022-05-14,Transfer,38851
2022-05-14,Transfer,39544
2022-05-14,Transfer,40334
2022-05-14,Transfer,40794
2022-05-14,Transfer,42848
2022-05-14,Transfer,44783
2022-05-14,Transfer,45278
2022-05-14,Transfer,50459
2022-05-14,Transfer,55346
2022-05-14,Transfer,55419
2022-05-14,Transfer,60385
2022-05-14,Transfer,65361
2022-05-14,Transfer,80752
2022-05-14,Transfer,95287
2022-05-14,Transfer,96011
2022-05-14,Transfer,97976
2022-05-14,UpdateIndex,20693
2022-05-14,Withdraw,30826
