2022-05-13,Benchmark,9194
2022-05-13,CloseAccount,5817
2022-05-13,CreateAccount,24909
2022-05-13,CreateAccount,31213
2022-05-13,CreateAccount,5718
2022-05-13,CreateGroup,20478
2022-05-13,CreateStubOracle,22598
2022-05-13,CreateStubOracle,23409
2022-05-13,Deposit,37583
2022-05-13,InitializeAccount,18098
2022-05-13,InitializeAccount,31213
2022-05-13,InitializeAccount,35123
2022-05-13,InitializeAccount,45177
2022-05-13,InitializeAccount,47353
2022-05-13,InitializeAccount,63237
2022-05-13,InitializeAccount,69237
2022-05-13,InitializeAccount,72237
2022-05-13,LiqTokenWithToken,39493
2022-05-13,LiqTokenWithToken,5718
2022-05-13,LiqTokenWithToken,58721
2022-05-13,PerpCreateMarket,24178
2022-05-13,PerpPlaceOrder,17640
2022-05-13,PerpPlaceOrder,17895
2022-05-13,RegisterToken,21098
2022-05-13,RegisterToken,22598
2022-05-13,RegisterToken,5718
2022-05-13,RegisterToken,57237
2022-05-13,RegisterToken,60237
2022-05-13,RegisterToken,63260
2022-05-13,Serum3CancelOrder,24390
2022-05-13,Serum3CreateOpenOrders,26654
2022-05-13,Serum3CreateOpenOrders,26671
2022-05-13,Serum3CreateOpenOrders,26677
2022-05-13,Serum3CreateOpenOrders,26684
2022-05-13,Serum3CreateOpenOrders,28159
2022-05-13,Serum3CreateOpenOrders,28165
2022-05-13,Serum3CreateOpenOrders,29557
2022-05-13,Serum3CreateOpenOrders,29742
2022-05-13,SetStubOracle,18098
2022-05-13,SetStubOracle,55737
2022-05-13,Transfer,27598
2022-05-13,Transfer,27639
2022-05-13,Transfer,30211
2022-05-13,Transfer,31204
2022-05-13,Transfer,31540
2022-05-13,Transfer,31690
2022-05-13,Transfer,31868
2022-05-13,Transfer,32982
2022-05-13,Transfer,33003
2022-05-13,Transfer,33080
2022-05-13,Transfer,33707
2022-05-13,Transfer,33758
2022-05-13,Transfer,33848
2022-05-13,Transfer,34281
2022-05-13,Transfer,35029
2022-05-13,Transfer,35340
2022-05-13,Transfer,35644
2022-05-13,Transfer,35778
2022-05-13,Transfer,35946
2022-05-13,Transfer,36675
2022-05-13,Transfer,37066
2022-05-13,Transfer,37686
2022-05-13,Transfer,39242
2022-05-13,Transfer,40725
2022-05-13,Transfer,41186
2022-05-13,Transfer,43232
2022-05-13,Transfer,45671
2022-05-13,Transfer,49290
2022-05-13,Transfer,50854
2022-05-13,Transfer,55543
2022-05-13,Transfer,55816
2022-05-13,Transfer,60784
2022-05-13,Transfer,61737
2022-05-13,Transfer,65762
2022-05-13,Transfer,81111
2022-05-13,Transfer,96466
2022-05-13,Transfer,98002
2022-05-13,UpdateIndex,17641
